<?xml version="1.0" encoding="UTF-8" ?>
<testsuite tests="9" failures="0" name="tpi135_2023.ingenieria.occ.ues.edu.sv.Delivery.resources.ComercioResourceTest" time="1.178" errors="0" skipped="0">
  <properties>
    <property name="java.runtime.name" value="OpenJDK Runtime Environment"/>
    <property name="java.vm.version" value="17.0.7+7-Ubuntu-0ubuntu122.04.2"/>
    <property name="sun.boot.library.path" value="/usr/lib/jvm/java-17-openjdk-amd64/lib"/>
    <property name="maven.multiModuleProjectDirectory" value="/home/moimo98/NetBeansProjects/deliveryBa"/>
    <property name="java.vm.vendor" value="Private Build"/>
    <property name="java.vendor.url" value="Unknown"/>
    <property name="guice.disable.misplaced.annotation.check" value="true"/>
    <property name="path.separator" value=":"/>
    <property name="java.vm.name" value="OpenJDK 64-Bit Server VM"/>
    <property name="user.country" value="SV"/>
    <property name="sun.java.launcher" value="SUN_STANDARD"/>
    <property name="java.vm.specification.name" value="Java Virtual Machine Specification"/>
    <property name="user.dir" value="/home/moimo98/NetBeansProjects/deliveryBa"/>
    <property name="java.vm.compressedOopsMode" value="32-bit"/>
    <property name="java.runtime.version" value="17.0.7+7-Ubuntu-0ubuntu122.04.2"/>
    <property name="os.arch" value="amd64"/>
    <property name="java.io.tmpdir" value="/tmp"/>
    <property name="line.separator" value="
"/>
    <property name="java.vm.specification.vendor" value="Oracle Corporation"/>
    <property name="os.name" value="Linux"/>
    <property name="classworlds.conf" value="/usr/share/maven/bin/m2.conf"/>
    <property name="sun.jnu.encoding" value="UTF-8"/>
    <property name="java.library.path" value="/usr/java/packages/lib:/usr/lib/x86_64-linux-gnu/jni:/lib/x86_64-linux-gnu:/usr/lib/x86_64-linux-gnu:/usr/lib/jni:/lib:/usr/lib"/>
    <property name="maven.conf" value="/usr/share/maven/conf"/>
    <property name="jdk.debug" value="release"/>
    <property name="java.class.version" value="61.0"/>
    <property name="java.specification.name" value="Java Platform API Specification"/>
    <property name="sun.management.compiler" value="HotSpot 64-Bit Tiered Compilers"/>
    <property name="os.version" value="5.19.0-45-generic"/>
    <property name="library.jansi.path" value="/usr/share/maven/lib/jansi-native"/>
    <property name="user.home" value="/home/moimo98"/>
    <property name="user.timezone" value="America/El_Salvador"/>
    <property name="file.encoding" value="UTF-8"/>
    <property name="java.specification.version" value="17"/>
    <property name="user.name" value="moimo98"/>
    <property name="java.class.path" value="/usr/share/maven/boot/plexus-classworlds-2.x.jar"/>
    <property name="java.vm.specification.version" value="17"/>
    <property name="sun.arch.data.model" value="64"/>
    <property name="sun.java.command" value="org.codehaus.plexus.classworlds.launcher.Launcher verify -P integracion"/>
    <property name="java.home" value="/usr/lib/jvm/java-17-openjdk-amd64"/>
    <property name="user.language" value="es"/>
    <property name="java.specification.vendor" value="Oracle Corporation"/>
    <property name="java.vm.info" value="mixed mode, sharing"/>
    <property name="java.version" value="17.0.7"/>
    <property name="native.encoding" value="UTF-8"/>
    <property name="java.vendor" value="Private Build"/>
    <property name="sun.stderr.encoding" value="UTF-8"/>
    <property name="maven.home" value="/usr/share/maven"/>
    <property name="file.separator" value="/"/>
    <property name="java.version.date" value="2023-04-18"/>
    <property name="java.vendor.url.bug" value="Unknown"/>
    <property name="sun.io.unicode.encoding" value="UnicodeLittle"/>
    <property name="sun.cpu.endian" value="little"/>
    <property name="sun.stdout.encoding" value="UTF-8"/>
  </properties>
  <testcase classname="tpi135_2023.ingenieria.occ.ues.edu.sv.Delivery.resources.ComercioResourceTest" name="testAgregarTipoAcomercio_WithNonExistingTipoComercio_ReturnsResponseWithBadRequestStatus" time="1.111"/>
  <testcase classname="tpi135_2023.ingenieria.occ.ues.edu.sv.Delivery.resources.ComercioResourceTest" name="findById_noValido" time="0.009"/>
  <testcase classname="tpi135_2023.ingenieria.occ.ues.edu.sv.Delivery.resources.ComercioResourceTest" name="ObtenerTipocomercio" time="0.02"/>
  <testcase classname="tpi135_2023.ingenieria.occ.ues.edu.sv.Delivery.resources.ComercioResourceTest" name="AgregarTipoAcomercio_valido" time="0.008"/>
  <testcase classname="tpi135_2023.ingenieria.occ.ues.edu.sv.Delivery.resources.ComercioResourceTest" name="AgregarTipoAcomercio_comercio_erroneo" time="0.003"/>
  <testcase classname="tpi135_2023.ingenieria.occ.ues.edu.sv.Delivery.resources.ComercioResourceTest" name="findById_valido" time="0.004"/>
  <testcase classname="tpi135_2023.ingenieria.occ.ues.edu.sv.Delivery.resources.ComercioResourceTest" name="crearUnComercio" time="0.014"/>
  <testcase classname="tpi135_2023.ingenieria.occ.ues.edu.sv.Delivery.resources.ComercioResourceTest" name="testEocntrartodos_ReturnsResponseWithOkStatusAndHeaders" time="0.005"/>
  <testcase classname="tpi135_2023.ingenieria.occ.ues.edu.sv.Delivery.resources.ComercioResourceTest" name="testAgregarTipoAcomercio_WithNonExistingComercio_ReturnsResponseWithBadRequestStatus" time="0.004"/>
</testsuite>