<?xml version="1.0" encoding="UTF-8"?>
<testsuite xmlns:xsi="http://www.w3.org/2001/XMLSchema-instance" xsi:noNamespaceSchemaLocation="https://maven.apache.org/surefire/maven-failsafe-plugin/xsd/failsafe-test-report-3.0.xsd" version="3.0" name="tpi135_2023.ingenieria.occ.ues.edu.sv.Delivery.entity.ComercioIT" time="65.784" tests="7" errors="0" skipped="0" failures="0">
  <properties>
    <property name="java.specification.version" value="17"/>
    <property name="sun.jnu.encoding" value="UTF-8"/>
    <property name="java.class.path" value="/home/moimo98/NetBeansProjects/deliveryBa/target/test-classes:/home/moimo98/NetBeansProjects/deliveryBa/target/classes:/home/moimo98/.m2/repository/jakarta/platform/jakarta.jakartaee-api/10.0.0/jakarta.jakartaee-api-10.0.0.jar:/home/moimo98/.m2/repository/jakarta/platform/jakarta.jakartaee-web-api/10.0.0/jakarta.jakartaee-web-api-10.0.0.jar:/home/moimo98/.m2/repository/jakarta/servlet/jakarta.servlet-api/6.0.0/jakarta.servlet-api-6.0.0.jar:/home/moimo98/.m2/repository/jakarta/servlet/jsp/jakarta.servlet.jsp-api/3.1.0/jakarta.servlet.jsp-api-3.1.0.jar:/home/moimo98/.m2/repository/jakarta/servlet/jsp/jstl/jakarta.servlet.jsp.jstl-api/3.0.0/jakarta.servlet.jsp.jstl-api-3.0.0.jar:/home/moimo98/.m2/repository/jakarta/faces/jakarta.faces-api/4.0.1/jakarta.faces-api-4.0.1.jar:/home/moimo98/.m2/repository/jakarta/websocket/jakarta.websocket-api/2.1.0/jakarta.websocket-api-2.1.0.jar:/home/moimo98/.m2/repository/jakarta/websocket/jakarta.websocket-client-api/2.1.0/jakarta.websocket-client-api-2.1.0.jar:/home/moimo98/.m2/repository/jakarta/json/jakarta.json-api/2.1.0/jakarta.json-api-2.1.0.jar:/home/moimo98/.m2/repository/jakarta/json/bind/jakarta.json.bind-api/3.0.0/jakarta.json.bind-api-3.0.0.jar:/home/moimo98/.m2/repository/jakarta/ejb/jakarta.ejb-api/4.0.1/jakarta.ejb-api-4.0.1.jar:/home/moimo98/.m2/repository/jakarta/transaction/jakarta.transaction-api/2.0.1/jakarta.transaction-api-2.0.1.jar:/home/moimo98/.m2/repository/jakarta/validation/jakarta.validation-api/3.0.2/jakarta.validation-api-3.0.2.jar:/home/moimo98/.m2/repository/jakarta/authentication/jakarta.authentication-api/3.0.0/jakarta.authentication-api-3.0.0.jar:/home/moimo98/.m2/repository/jakarta/security/enterprise/jakarta.security.enterprise-api/3.0.0/jakarta.security.enterprise-api-3.0.0.jar:/home/moimo98/.m2/repository/jakarta/jms/jakarta.jms-api/3.1.0/jakarta.jms-api-3.1.0.jar:/home/moimo98/.m2/repository/jakarta/activation/jakarta.activation-api/2.1.0/jakarta.activation-api-2.1.0.jar:/home/moimo98/.m2/repository/jakarta/mail/jakarta.mail-api/2.1.0/jakarta.mail-api-2.1.0.jar:/home/moimo98/.m2/repository/jakarta/resource/jakarta.resource-api/2.1.0/jakarta.resource-api-2.1.0.jar:/home/moimo98/.m2/repository/jakarta/authorization/jakarta.authorization-api/2.1.0/jakarta.authorization-api-2.1.0.jar:/home/moimo98/.m2/repository/jakarta/batch/jakarta.batch-api/2.1.1/jakarta.batch-api-2.1.1.jar:/home/moimo98/.m2/repository/org/eclipse/persistence/javax.persistence/2.2.1/javax.persistence-2.2.1.jar:/home/moimo98/.m2/repository/org/eclipse/persistence/org.eclipse.persistence.core/4.0.1/org.eclipse.persistence.core-4.0.1.jar:/home/moimo98/.m2/repository/org/eclipse/persistence/org.eclipse.persistence.asm/9.4.0/org.eclipse.persistence.asm-9.4.0.jar:/home/moimo98/.m2/repository/org/eclipse/persistence/org.eclipse.persistence.antlr/2.7.12/org.eclipse.persistence.antlr-2.7.12.jar:/home/moimo98/.m2/repository/org/eclipse/persistence/org.eclipse.persistence.jpa/4.0.1/org.eclipse.persistence.jpa-4.0.1.jar:/home/moimo98/.m2/repository/org/eclipse/persistence/org.eclipse.persistence.jpa.jpql/4.0.1/org.eclipse.persistence.jpa.jpql-4.0.1.jar:/home/moimo98/.m2/repository/org/eclipse/persistence/org.eclipse.persistence.moxy/4.0.1/org.eclipse.persistence.moxy-4.0.1.jar:/home/moimo98/.m2/repository/jakarta/xml/bind/jakarta.xml.bind-api/4.0.0/jakarta.xml.bind-api-4.0.0.jar:/home/moimo98/.m2/repository/org/eclipse/angus/angus-activation/2.0.0/angus-activation-2.0.0.jar:/home/moimo98/.m2/repository/org/eclipse/angus/angus-mail/2.0.1/angus-mail-2.0.1.jar:/home/moimo98/.m2/repository/org/postgresql/postgresql/42.6.0/postgresql-42.6.0.jar:/home/moimo98/.m2/repository/org/checkerframework/checker-qual/3.31.0/checker-qual-3.31.0.jar:/home/moimo98/.m2/repository/javax/javaee-api/7.0/javaee-api-7.0.jar:/home/moimo98/.m2/repository/com/sun/mail/javax.mail/1.5.0/javax.mail-1.5.0.jar:/home/moimo98/.m2/repository/javax/activation/activation/1.1/activation-1.1.jar:/home/moimo98/.m2/repository/org/junit/jupiter/junit-jupiter-api/5.6.0/junit-jupiter-api-5.6.0.jar:/home/moimo98/.m2/repository/org/apiguardian/apiguardian-api/1.1.0/apiguardian-api-1.1.0.jar:/home/moimo98/.m2/repository/org/opentest4j/opentest4j/1.2.0/opentest4j-1.2.0.jar:/home/moimo98/.m2/repository/org/junit/platform/junit-platform-commons/1.6.0/junit-platform-commons-1.6.0.jar:/home/moimo98/.m2/repository/org/junit/jupiter/junit-jupiter-params/5.6.0/junit-jupiter-params-5.6.0.jar:/home/moimo98/.m2/repository/org/junit/jupiter/junit-jupiter-engine/5.6.0/junit-jupiter-engine-5.6.0.jar:/home/moimo98/.m2/repository/org/junit/platform/junit-platform-engine/1.6.0/junit-platform-engine-1.6.0.jar:/home/moimo98/.m2/repository/org/testcontainers/testcontainers/1.16.3/testcontainers-1.16.3.jar:/home/moimo98/.m2/repository/junit/junit/4.13.2/junit-4.13.2.jar:/home/moimo98/.m2/repository/org/hamcrest/hamcrest-core/1.3/hamcrest-core-1.3.jar:/home/moimo98/.m2/repository/org/slf4j/slf4j-api/1.7.32/slf4j-api-1.7.32.jar:/home/moimo98/.m2/repository/org/apache/commons/commons-compress/1.21/commons-compress-1.21.jar:/home/moimo98/.m2/repository/org/rnorth/duct-tape/duct-tape/1.0.8/duct-tape-1.0.8.jar:/home/moimo98/.m2/repository/org/jetbrains/annotations/17.0.0/annotations-17.0.0.jar:/home/moimo98/.m2/repository/com/github/docker-java/docker-java-api/3.2.12/docker-java-api-3.2.12.jar:/home/moimo98/.m2/repository/com/fasterxml/jackson/core/jackson-annotations/2.10.3/jackson-annotations-2.10.3.jar:/home/moimo98/.m2/repository/com/github/docker-java/docker-java-transport-zerodep/3.2.12/docker-java-transport-zerodep-3.2.12.jar:/home/moimo98/.m2/repository/com/github/docker-java/docker-java-transport/3.2.12/docker-java-transport-3.2.12.jar:/home/moimo98/.m2/repository/net/java/dev/jna/jna/5.8.0/jna-5.8.0.jar:/home/moimo98/.m2/repository/org/testcontainers/junit-jupiter/1.16.3/junit-jupiter-1.16.3.jar:/home/moimo98/.m2/repository/org/testcontainers/postgresql/1.16.3/postgresql-1.16.3.jar:/home/moimo98/.m2/repository/org/testcontainers/jdbc/1.16.3/jdbc-1.16.3.jar:/home/moimo98/.m2/repository/org/testcontainers/database-commons/1.16.3/database-commons-1.16.3.jar:/home/moimo98/.m2/repository/jakarta/ws/rs/jakarta.ws.rs-api/3.1.0/jakarta.ws.rs-api-3.1.0.jar:/home/moimo98/.m2/repository/fish/payara/extras/payara-embedded-web/6.2023.3/payara-embedded-web-6.2023.3.jar:/home/moimo98/.m2/repository/org/slf4j/slf4j-log4j12/1.6.1/slf4j-log4j12-1.6.1.jar:/home/moimo98/.m2/repository/log4j/log4j/1.2.16/log4j-1.2.16.jar:/home/moimo98/.m2/repository/jakarta/persistence/jakarta.persistence-api/3.1.0/jakarta.persistence-api-3.1.0.jar:/home/moimo98/.m2/repository/jakarta/enterprise/jakarta.enterprise.cdi-api/4.0.0/jakarta.enterprise.cdi-api-4.0.0.jar:/home/moimo98/.m2/repository/jakarta/enterprise/jakarta.enterprise.lang-model/4.0.0/jakarta.enterprise.lang-model-4.0.0.jar:/home/moimo98/.m2/repository/jakarta/annotation/jakarta.annotation-api/2.1.0/jakarta.annotation-api-2.1.0.jar:/home/moimo98/.m2/repository/jakarta/el/jakarta.el-api/5.0.0/jakarta.el-api-5.0.0.jar:/home/moimo98/.m2/repository/jakarta/interceptor/jakarta.interceptor-api/2.1.0/jakarta.interceptor-api-2.1.0.jar:/home/moimo98/.m2/repository/jakarta/inject/jakarta.inject-api/2.0.1/jakarta.inject-api-2.0.1.jar:/home/moimo98/.m2/repository/org/glassfish/jersey/inject/jersey-hk2/3.0.3/jersey-hk2-3.0.3.jar:/home/moimo98/.m2/repository/org/glassfish/jersey/core/jersey-common/3.0.3/jersey-common-3.0.3.jar:/home/moimo98/.m2/repository/org/glassfish/hk2/osgi-resource-locator/1.0.3/osgi-resource-locator-1.0.3.jar:/home/moimo98/.m2/repository/org/glassfish/hk2/hk2-locator/3.0.1/hk2-locator-3.0.1.jar:/home/moimo98/.m2/repository/org/glassfish/hk2/external/aopalliance-repackaged/3.0.1/aopalliance-repackaged-3.0.1.jar:/home/moimo98/.m2/repository/org/glassfish/hk2/hk2-api/3.0.1/hk2-api-3.0.1.jar:/home/moimo98/.m2/repository/org/glassfish/hk2/hk2-utils/3.0.1/hk2-utils-3.0.1.jar:/home/moimo98/.m2/repository/org/javassist/javassist/3.25.0-GA/javassist-3.25.0-GA.jar:/home/moimo98/.m2/repository/fish/payara/api/payara-api/6.2023.3/payara-api-6.2023.3.jar:/home/moimo98/.m2/repository/fish/payara/security/connectors/security-connectors-api/3.0.alpha6/security-connectors-api-3.0.alpha6.jar:/home/moimo98/.m2/repository/org/eclipse/persistence/eclipselink/4.0.1/eclipselink-4.0.1.jar:/home/moimo98/.m2/repository/com/sun/xml/bind/jaxb-xjc/4.0.2/jaxb-xjc-4.0.2.jar:/home/moimo98/.m2/repository/com/sun/xml/bind/jaxb-core/4.0.2/jaxb-core-4.0.2.jar:/home/moimo98/.m2/repository/org/mockito/mockito-core/3.11.2/mockito-core-3.11.2.jar:/home/moimo98/.m2/repository/net/bytebuddy/byte-buddy/1.11.3/byte-buddy-1.11.3.jar:/home/moimo98/.m2/repository/net/bytebuddy/byte-buddy-agent/1.11.3/byte-buddy-agent-1.11.3.jar:/home/moimo98/.m2/repository/org/objenesis/objenesis/3.2/objenesis-3.2.jar:/home/moimo98/.m2/repository/org/mockito/mockito-junit-jupiter/3.11.2/mockito-junit-jupiter-3.11.2.jar:"/>
    <property name="java.vm.vendor" value="Private Build"/>
    <property name="com.sun.aas.installRoot" value="/home/moimo98/NetBeansProjects/deliveryBa"/>
    <property name="sun.arch.data.model" value="64"/>
    <property name="com.sun.aas.productRoot" value="/home/moimo98/NetBeansProjects"/>
    <property name="java.vendor.url" value="Unknown"/>
    <property name="user.timezone" value="America/El_Salvador"/>
    <property name="os.name" value="Linux"/>
    <property name="java.vm.specification.version" value="17"/>
    <property name="sun.java.launcher" value="SUN_STANDARD"/>
    <property name="user.country" value="SV"/>
    <property name="sun.boot.library.path" value="/usr/lib/jvm/java-17-openjdk-amd64/lib"/>
    <property name="sun.java.command" value="/home/moimo98/NetBeansProjects/deliveryBa/target/surefire/surefirebooter-20230622100630504_3.jar /home/moimo98/NetBeansProjects/deliveryBa/target/surefire 2023-06-22T10-06-30_333-jvmRun1 surefire-20230622100630504_1tmp surefire_0-20230622100630504_2tmp"/>
    <property name="jdk.debug" value="release"/>
    <property name="surefire.test.class.path" value="/home/moimo98/NetBeansProjects/deliveryBa/target/test-classes:/home/moimo98/NetBeansProjects/deliveryBa/target/classes:/home/moimo98/.m2/repository/jakarta/platform/jakarta.jakartaee-api/10.0.0/jakarta.jakartaee-api-10.0.0.jar:/home/moimo98/.m2/repository/jakarta/platform/jakarta.jakartaee-web-api/10.0.0/jakarta.jakartaee-web-api-10.0.0.jar:/home/moimo98/.m2/repository/jakarta/servlet/jakarta.servlet-api/6.0.0/jakarta.servlet-api-6.0.0.jar:/home/moimo98/.m2/repository/jakarta/servlet/jsp/jakarta.servlet.jsp-api/3.1.0/jakarta.servlet.jsp-api-3.1.0.jar:/home/moimo98/.m2/repository/jakarta/servlet/jsp/jstl/jakarta.servlet.jsp.jstl-api/3.0.0/jakarta.servlet.jsp.jstl-api-3.0.0.jar:/home/moimo98/.m2/repository/jakarta/faces/jakarta.faces-api/4.0.1/jakarta.faces-api-4.0.1.jar:/home/moimo98/.m2/repository/jakarta/websocket/jakarta.websocket-api/2.1.0/jakarta.websocket-api-2.1.0.jar:/home/moimo98/.m2/repository/jakarta/websocket/jakarta.websocket-client-api/2.1.0/jakarta.websocket-client-api-2.1.0.jar:/home/moimo98/.m2/repository/jakarta/json/jakarta.json-api/2.1.0/jakarta.json-api-2.1.0.jar:/home/moimo98/.m2/repository/jakarta/json/bind/jakarta.json.bind-api/3.0.0/jakarta.json.bind-api-3.0.0.jar:/home/moimo98/.m2/repository/jakarta/ejb/jakarta.ejb-api/4.0.1/jakarta.ejb-api-4.0.1.jar:/home/moimo98/.m2/repository/jakarta/transaction/jakarta.transaction-api/2.0.1/jakarta.transaction-api-2.0.1.jar:/home/moimo98/.m2/repository/jakarta/validation/jakarta.validation-api/3.0.2/jakarta.validation-api-3.0.2.jar:/home/moimo98/.m2/repository/jakarta/authentication/jakarta.authentication-api/3.0.0/jakarta.authentication-api-3.0.0.jar:/home/moimo98/.m2/repository/jakarta/security/enterprise/jakarta.security.enterprise-api/3.0.0/jakarta.security.enterprise-api-3.0.0.jar:/home/moimo98/.m2/repository/jakarta/jms/jakarta.jms-api/3.1.0/jakarta.jms-api-3.1.0.jar:/home/moimo98/.m2/repository/jakarta/activation/jakarta.activation-api/2.1.0/jakarta.activation-api-2.1.0.jar:/home/moimo98/.m2/repository/jakarta/mail/jakarta.mail-api/2.1.0/jakarta.mail-api-2.1.0.jar:/home/moimo98/.m2/repository/jakarta/resource/jakarta.resource-api/2.1.0/jakarta.resource-api-2.1.0.jar:/home/moimo98/.m2/repository/jakarta/authorization/jakarta.authorization-api/2.1.0/jakarta.authorization-api-2.1.0.jar:/home/moimo98/.m2/repository/jakarta/batch/jakarta.batch-api/2.1.1/jakarta.batch-api-2.1.1.jar:/home/moimo98/.m2/repository/org/eclipse/persistence/javax.persistence/2.2.1/javax.persistence-2.2.1.jar:/home/moimo98/.m2/repository/org/eclipse/persistence/org.eclipse.persistence.core/4.0.1/org.eclipse.persistence.core-4.0.1.jar:/home/moimo98/.m2/repository/org/eclipse/persistence/org.eclipse.persistence.asm/9.4.0/org.eclipse.persistence.asm-9.4.0.jar:/home/moimo98/.m2/repository/org/eclipse/persistence/org.eclipse.persistence.antlr/2.7.12/org.eclipse.persistence.antlr-2.7.12.jar:/home/moimo98/.m2/repository/org/eclipse/persistence/org.eclipse.persistence.jpa/4.0.1/org.eclipse.persistence.jpa-4.0.1.jar:/home/moimo98/.m2/repository/org/eclipse/persistence/org.eclipse.persistence.jpa.jpql/4.0.1/org.eclipse.persistence.jpa.jpql-4.0.1.jar:/home/moimo98/.m2/repository/org/eclipse/persistence/org.eclipse.persistence.moxy/4.0.1/org.eclipse.persistence.moxy-4.0.1.jar:/home/moimo98/.m2/repository/jakarta/xml/bind/jakarta.xml.bind-api/4.0.0/jakarta.xml.bind-api-4.0.0.jar:/home/moimo98/.m2/repository/org/eclipse/angus/angus-activation/2.0.0/angus-activation-2.0.0.jar:/home/moimo98/.m2/repository/org/eclipse/angus/angus-mail/2.0.1/angus-mail-2.0.1.jar:/home/moimo98/.m2/repository/org/postgresql/postgresql/42.6.0/postgresql-42.6.0.jar:/home/moimo98/.m2/repository/org/checkerframework/checker-qual/3.31.0/checker-qual-3.31.0.jar:/home/moimo98/.m2/repository/javax/javaee-api/7.0/javaee-api-7.0.jar:/home/moimo98/.m2/repository/com/sun/mail/javax.mail/1.5.0/javax.mail-1.5.0.jar:/home/moimo98/.m2/repository/javax/activation/activation/1.1/activation-1.1.jar:/home/moimo98/.m2/repository/org/junit/jupiter/junit-jupiter-api/5.6.0/junit-jupiter-api-5.6.0.jar:/home/moimo98/.m2/repository/org/apiguardian/apiguardian-api/1.1.0/apiguardian-api-1.1.0.jar:/home/moimo98/.m2/repository/org/opentest4j/opentest4j/1.2.0/opentest4j-1.2.0.jar:/home/moimo98/.m2/repository/org/junit/platform/junit-platform-commons/1.6.0/junit-platform-commons-1.6.0.jar:/home/moimo98/.m2/repository/org/junit/jupiter/junit-jupiter-params/5.6.0/junit-jupiter-params-5.6.0.jar:/home/moimo98/.m2/repository/org/junit/jupiter/junit-jupiter-engine/5.6.0/junit-jupiter-engine-5.6.0.jar:/home/moimo98/.m2/repository/org/junit/platform/junit-platform-engine/1.6.0/junit-platform-engine-1.6.0.jar:/home/moimo98/.m2/repository/org/testcontainers/testcontainers/1.16.3/testcontainers-1.16.3.jar:/home/moimo98/.m2/repository/junit/junit/4.13.2/junit-4.13.2.jar:/home/moimo98/.m2/repository/org/hamcrest/hamcrest-core/1.3/hamcrest-core-1.3.jar:/home/moimo98/.m2/repository/org/slf4j/slf4j-api/1.7.32/slf4j-api-1.7.32.jar:/home/moimo98/.m2/repository/org/apache/commons/commons-compress/1.21/commons-compress-1.21.jar:/home/moimo98/.m2/repository/org/rnorth/duct-tape/duct-tape/1.0.8/duct-tape-1.0.8.jar:/home/moimo98/.m2/repository/org/jetbrains/annotations/17.0.0/annotations-17.0.0.jar:/home/moimo98/.m2/repository/com/github/docker-java/docker-java-api/3.2.12/docker-java-api-3.2.12.jar:/home/moimo98/.m2/repository/com/fasterxml/jackson/core/jackson-annotations/2.10.3/jackson-annotations-2.10.3.jar:/home/moimo98/.m2/repository/com/github/docker-java/docker-java-transport-zerodep/3.2.12/docker-java-transport-zerodep-3.2.12.jar:/home/moimo98/.m2/repository/com/github/docker-java/docker-java-transport/3.2.12/docker-java-transport-3.2.12.jar:/home/moimo98/.m2/repository/net/java/dev/jna/jna/5.8.0/jna-5.8.0.jar:/home/moimo98/.m2/repository/org/testcontainers/junit-jupiter/1.16.3/junit-jupiter-1.16.3.jar:/home/moimo98/.m2/repository/org/testcontainers/postgresql/1.16.3/postgresql-1.16.3.jar:/home/moimo98/.m2/repository/org/testcontainers/jdbc/1.16.3/jdbc-1.16.3.jar:/home/moimo98/.m2/repository/org/testcontainers/database-commons/1.16.3/database-commons-1.16.3.jar:/home/moimo98/.m2/repository/jakarta/ws/rs/jakarta.ws.rs-api/3.1.0/jakarta.ws.rs-api-3.1.0.jar:/home/moimo98/.m2/repository/fish/payara/extras/payara-embedded-web/6.2023.3/payara-embedded-web-6.2023.3.jar:/home/moimo98/.m2/repository/org/slf4j/slf4j-log4j12/1.6.1/slf4j-log4j12-1.6.1.jar:/home/moimo98/.m2/repository/log4j/log4j/1.2.16/log4j-1.2.16.jar:/home/moimo98/.m2/repository/jakarta/persistence/jakarta.persistence-api/3.1.0/jakarta.persistence-api-3.1.0.jar:/home/moimo98/.m2/repository/jakarta/enterprise/jakarta.enterprise.cdi-api/4.0.0/jakarta.enterprise.cdi-api-4.0.0.jar:/home/moimo98/.m2/repository/jakarta/enterprise/jakarta.enterprise.lang-model/4.0.0/jakarta.enterprise.lang-model-4.0.0.jar:/home/moimo98/.m2/repository/jakarta/annotation/jakarta.annotation-api/2.1.0/jakarta.annotation-api-2.1.0.jar:/home/moimo98/.m2/repository/jakarta/el/jakarta.el-api/5.0.0/jakarta.el-api-5.0.0.jar:/home/moimo98/.m2/repository/jakarta/interceptor/jakarta.interceptor-api/2.1.0/jakarta.interceptor-api-2.1.0.jar:/home/moimo98/.m2/repository/jakarta/inject/jakarta.inject-api/2.0.1/jakarta.inject-api-2.0.1.jar:/home/moimo98/.m2/repository/org/glassfish/jersey/inject/jersey-hk2/3.0.3/jersey-hk2-3.0.3.jar:/home/moimo98/.m2/repository/org/glassfish/jersey/core/jersey-common/3.0.3/jersey-common-3.0.3.jar:/home/moimo98/.m2/repository/org/glassfish/hk2/osgi-resource-locator/1.0.3/osgi-resource-locator-1.0.3.jar:/home/moimo98/.m2/repository/org/glassfish/hk2/hk2-locator/3.0.1/hk2-locator-3.0.1.jar:/home/moimo98/.m2/repository/org/glassfish/hk2/external/aopalliance-repackaged/3.0.1/aopalliance-repackaged-3.0.1.jar:/home/moimo98/.m2/repository/org/glassfish/hk2/hk2-api/3.0.1/hk2-api-3.0.1.jar:/home/moimo98/.m2/repository/org/glassfish/hk2/hk2-utils/3.0.1/hk2-utils-3.0.1.jar:/home/moimo98/.m2/repository/org/javassist/javassist/3.25.0-GA/javassist-3.25.0-GA.jar:/home/moimo98/.m2/repository/fish/payara/api/payara-api/6.2023.3/payara-api-6.2023.3.jar:/home/moimo98/.m2/repository/fish/payara/security/connectors/security-connectors-api/3.0.alpha6/security-connectors-api-3.0.alpha6.jar:/home/moimo98/.m2/repository/org/eclipse/persistence/eclipselink/4.0.1/eclipselink-4.0.1.jar:/home/moimo98/.m2/repository/com/sun/xml/bind/jaxb-xjc/4.0.2/jaxb-xjc-4.0.2.jar:/home/moimo98/.m2/repository/com/sun/xml/bind/jaxb-core/4.0.2/jaxb-core-4.0.2.jar:/home/moimo98/.m2/repository/org/mockito/mockito-core/3.11.2/mockito-core-3.11.2.jar:/home/moimo98/.m2/repository/net/bytebuddy/byte-buddy/1.11.3/byte-buddy-1.11.3.jar:/home/moimo98/.m2/repository/net/bytebuddy/byte-buddy-agent/1.11.3/byte-buddy-agent-1.11.3.jar:/home/moimo98/.m2/repository/org/objenesis/objenesis/3.2/objenesis-3.2.jar:/home/moimo98/.m2/repository/org/mockito/mockito-junit-jupiter/3.11.2/mockito-junit-jupiter-3.11.2.jar:"/>
    <property name="sun.cpu.endian" value="little"/>
    <property name="user.home" value="/home/moimo98"/>
    <property name="user.language" value="es"/>
    <property name="java.specification.vendor" value="Oracle Corporation"/>
    <property name="java.version.date" value="2023-04-18"/>
    <property name="java.home" value="/usr/lib/jvm/java-17-openjdk-amd64"/>
    <property name="org.testcontainers.shaded.io.netty.packagePrefix" value="org.testcontainers.shaded."/>
    <property name="com.sun.aas.hostName" value="moimo98"/>
    <property name="file.separator" value="/"/>
    <property name="basedir" value="/home/moimo98/NetBeansProjects/deliveryBa"/>
    <property name="java.vm.compressedOopsMode" value="32-bit"/>
    <property name="line.separator" value="&#10;"/>
    <property name="java.specification.name" value="Java Platform API Specification"/>
    <property name="java.vm.specification.vendor" value="Oracle Corporation"/>
    <property name="surefire.real.class.path" value="/home/moimo98/NetBeansProjects/deliveryBa/target/surefire/surefirebooter-20230622100630504_3.jar"/>
    <property name="com.sun.aas.instanceName" value="server"/>
    <property name="sun.management.compiler" value="HotSpot 64-Bit Tiered Compilers"/>
    <property name="java.runtime.version" value="17.0.7+7-Ubuntu-0ubuntu122.04.2"/>
    <property name="user.name" value="moimo98"/>
    <property name="path.separator" value=":"/>
    <property name="os.version" value="5.19.0-45-generic"/>
    <property name="java.runtime.name" value="OpenJDK Runtime Environment"/>
    <property name="file.encoding" value="UTF-8"/>
    <property name="com.sun.aas.configRoot" value="/home/moimo98/NetBeansProjects/deliveryBa/config"/>
    <property name="java.vm.name" value="OpenJDK 64-Bit Server VM"/>
    <property name="com.sun.aas.javaRoot" value="/usr/lib/jvm/java-17-openjdk-amd64"/>
    <property name="localRepository" value="/home/moimo98/.m2/repository"/>
    <property name="java.vendor.url.bug" value="Unknown"/>
    <property name="java.io.tmpdir" value="/tmp"/>
    <property name="java.version" value="17.0.7"/>
    <property name="user.dir" value="/home/moimo98/NetBeansProjects/deliveryBa"/>
    <property name="os.arch" value="amd64"/>
    <property name="java.vm.specification.name" value="Java Virtual Machine Specification"/>
    <property name="com.sun.aas.instanceRoot" value="/home/moimo98/NetBeansProjects/deliveryBa"/>
    <property name="native.encoding" value="UTF-8"/>
    <property name="java.library.path" value="/usr/java/packages/lib:/usr/lib/x86_64-linux-gnu/jni:/lib/x86_64-linux-gnu:/usr/lib/x86_64-linux-gnu:/usr/lib/jni:/lib:/usr/lib"/>
    <property name="java.vm.info" value="mixed mode, sharing"/>
    <property name="java.vendor" value="Private Build"/>
    <property name="java.vm.version" value="17.0.7+7-Ubuntu-0ubuntu122.04.2"/>
    <property name="sun.io.unicode.encoding" value="UnicodeLittle"/>
    <property name="java.class.version" value="61.0"/>
  </properties>
  <testcase name="crearTest" classname="tpi135_2023.ingenieria.occ.ues.edu.sv.Delivery.entity.ComercioIT" time="3.601">
    <system-out><![CDATA[Comercio - lanzarPayara
Comercio - crear
]]></system-out>
    <system-err><![CDATA[log4j:WARN No appenders could be found for logger (org.testcontainers.utility.TestcontainersConfiguration).
log4j:WARN Please initialize the log4j system properly.
log4j:WARN See http://logging.apache.org/log4j/1.2/faq.html#noconfig for more info.
jun. 22, 2023 10:07:32 A. M. com.sun.enterprise.v3.server.CommonClassLoaderServiceImpl findH2Client
INFORMACIÓN: Cannot find h2db client jar file, h2 jdbc driver will not be available by default.
]]></system-err>
  </testcase>
  <testcase name="findByIdTest" classname="tpi135_2023.ingenieria.occ.ues.edu.sv.Delivery.entity.ComercioIT" time="0.178">
    <system-out><![CDATA[Comercio - findById
]]></system-out>
  </testcase>
  <testcase name="crearTipoComercioTest" classname="tpi135_2023.ingenieria.occ.ues.edu.sv.Delivery.entity.ComercioIT" time="0.146">
    <system-out><![CDATA[Comercio - crearTipoComercio
]]></system-out>
  </testcase>
  <testcase name="validarTipoVacioTest" classname="tpi135_2023.ingenieria.occ.ues.edu.sv.Delivery.entity.ComercioIT" time="0.151">
    <system-out><![CDATA[Comercio - validarTipoVacio
]]></system-out>
  </testcase>
  <testcase name="agregarTipoAComercio" classname="tpi135_2023.ingenieria.occ.ues.edu.sv.Delivery.entity.ComercioIT" time="0.137">
    <system-out><![CDATA[Comercio - agregarTipoAComercio
]]></system-out>
  </testcase>
  <testcase name="validarTipoLlenoTest" classname="tpi135_2023.ingenieria.occ.ues.edu.sv.Delivery.entity.ComercioIT" time="0.077">
    <system-out><![CDATA[Comercio - validarTipoLleno
]]></system-out>
  </testcase>
  <testcase name="crearSucursalTest" classname="tpi135_2023.ingenieria.occ.ues.edu.sv.Delivery.entity.ComercioIT" time="0.489">
    <system-out><![CDATA[Comercio - crearSucursal
]]></system-out>
  </testcase>
</testsuite>